2023-05-19T01:30:20.899802Z 0 [System] [MY-013169] [Server] /usr/sbin/mysqld (mysqld 8.0.28) initializing of server in progress as process 104
2023-05-19T01:30:20.923807Z 0 [Warning] [MY-010159] [Server] Setting lower_case_table_names=2 because file system for /var/lib/mysql/ is case insensitive
2023-05-19T01:30:21.009155Z 1 [System] [MY-013576] [InnoDB] InnoDB initialization has started.
2023-05-19T01:30:21.042588Z 1 [ERROR] [MY-012585] [InnoDB] Linux Native AIO interface is not supported on this platform. Please check your OS documentation and install appropriate binary of InnoDB.
2023-05-19T01:30:21.043624Z 1 [Warning] [MY-012654] [InnoDB] Linux Native AIO disabled.
2023-05-19T01:30:24.927746Z 1 [System] [MY-013577] [InnoDB] InnoDB initialization has ended.
2023-05-19T01:30:29.850648Z 6 [Warning] [MY-010453] [Server] root@localhost is created with an empty password ! Please consider switching off the --initialize-insecure option.
2023-05-19T01:30:48.225767Z 0 [System] [MY-010116] [Server] /usr/sbin/mysqld (mysqld 8.0.28) starting as process 159
2023-05-19T01:30:48.260616Z 0 [Warning] [MY-010159] [Server] Setting lower_case_table_names=2 because file system for /var/lib/mysql/ is case insensitive
2023-05-19T01:30:48.408808Z 1 [System] [MY-013576] [InnoDB] InnoDB initialization has started.
2023-05-19T01:30:48.602671Z 1 [ERROR] [MY-012585] [InnoDB] Linux Native AIO interface is not supported on this platform. Please check your OS documentation and install appropriate binary of InnoDB.
2023-05-19T01:30:48.604349Z 1 [Warning] [MY-012654] [InnoDB] Linux Native AIO disabled.
2023-05-19T01:30:49.801174Z 1 [System] [MY-013577] [InnoDB] InnoDB initialization has ended.
2023-05-19T01:30:51.797495Z 0 [Warning] [MY-010068] [Server] CA certificate ca.pem is self signed.
2023-05-19T01:30:51.802448Z 0 [System] [MY-013602] [Server] Channel mysql_main configured to support TLS. Encrypted connections are now supported for this channel.
2023-05-19T01:30:51.828521Z 0 [Warning] [MY-011810] [Server] Insecure configuration for --pid-file: Location '/var/run/mysqld' in the path is accessible to all OS users. Consider choosing a different directory.
2023-05-19T01:30:52.066047Z 0 [System] [MY-011323] [Server] X Plugin ready for connections. Socket: /var/run/mysqld/mysqlx.sock
2023-05-19T01:30:52.070027Z 0 [System] [MY-010931] [Server] /usr/sbin/mysqld: ready for connections. Version: '8.0.28'  socket: '/var/run/mysqld/mysqld.sock'  port: 0  MySQL Community Server - GPL.
2023-05-19T01:31:36.935791Z 13 [System] [MY-013172] [Server] Received SHUTDOWN from user root. Shutting down mysqld (Version: 8.0.28).
2023-05-19T01:31:38.554872Z 0 [System] [MY-010910] [Server] /usr/sbin/mysqld: Shutdown complete (mysqld 8.0.28)  MySQL Community Server - GPL.
2023-05-19T01:31:39.996060Z 0 [System] [MY-010116] [Server] /usr/sbin/mysqld (mysqld 8.0.28) starting as process 1
2023-05-19T01:31:40.051406Z 0 [Warning] [MY-010159] [Server] Setting lower_case_table_names=2 because file system for /var/lib/mysql/ is case insensitive
2023-05-19T01:31:40.213753Z 1 [System] [MY-013576] [InnoDB] InnoDB initialization has started.
2023-05-19T01:31:40.325991Z 1 [ERROR] [MY-012585] [InnoDB] Linux Native AIO interface is not supported on this platform. Please check your OS documentation and install appropriate binary of InnoDB.
2023-05-19T01:31:40.327019Z 1 [Warning] [MY-012654] [InnoDB] Linux Native AIO disabled.
2023-05-19T01:31:41.489158Z 1 [System] [MY-013577] [InnoDB] InnoDB initialization has ended.
2023-05-19T01:31:43.382049Z 0 [Warning] [MY-010068] [Server] CA certificate ca.pem is self signed.
2023-05-19T01:31:43.384425Z 0 [System] [MY-013602] [Server] Channel mysql_main configured to support TLS. Encrypted connections are now supported for this channel.
2023-05-19T01:31:43.399732Z 0 [Warning] [MY-011810] [Server] Insecure configuration for --pid-file: Location '/var/run/mysqld' in the path is accessible to all OS users. Consider choosing a different directory.
2023-05-19T01:31:43.659602Z 0 [System] [MY-011323] [Server] X Plugin ready for connections. Bind-address: '::' port: 33060, socket: /var/run/mysqld/mysqlx.sock
2023-05-19T01:31:43.661045Z 0 [System] [MY-010931] [Server] /usr/sbin/mysqld: ready for connections. Version: '8.0.28'  socket: '/var/run/mysqld/mysqld.sock'  port: 3306  MySQL Community Server - GPL.
2023-05-19T01:36:05.761557Z 0 [System] [MY-013172] [Server] Received SHUTDOWN from user <via user signal>. Shutting down mysqld (Version: 8.0.28).
2023-05-19T01:36:07.795866Z 0 [Warning] [MY-010909] [Server] /usr/sbin/mysqld: Forcing close of thread 10  user: 'user'.
2023-05-19T01:36:07.806525Z 0 [Warning] [MY-010909] [Server] /usr/sbin/mysqld: Forcing close of thread 11  user: 'user'.
2023-05-19T01:36:08.475963Z 0 [System] [MY-010910] [Server] /usr/sbin/mysqld: Shutdown complete (mysqld 8.0.28)  MySQL Community Server - GPL.
2023-05-19T01:36:12.380866Z 0 [System] [MY-010116] [Server] /usr/sbin/mysqld (mysqld 8.0.28) starting as process 1
2023-05-19T01:36:12.407367Z 0 [Warning] [MY-010159] [Server] Setting lower_case_table_names=2 because file system for /var/lib/mysql/ is case insensitive
2023-05-19T01:36:12.518669Z 1 [System] [MY-013576] [InnoDB] InnoDB initialization has started.
2023-05-19T01:36:12.721975Z 1 [ERROR] [MY-012585] [InnoDB] Linux Native AIO interface is not supported on this platform. Please check your OS documentation and install appropriate binary of InnoDB.
2023-05-19T01:36:12.723171Z 1 [Warning] [MY-012654] [InnoDB] Linux Native AIO disabled.
2023-05-19T01:36:13.921128Z 1 [System] [MY-013577] [InnoDB] InnoDB initialization has ended.
2023-05-19T01:36:15.294241Z 0 [Warning] [MY-010068] [Server] CA certificate ca.pem is self signed.
2023-05-19T01:36:15.295945Z 0 [System] [MY-013602] [Server] Channel mysql_main configured to support TLS. Encrypted connections are now supported for this channel.
2023-05-19T01:36:15.310224Z 0 [Warning] [MY-011810] [Server] Insecure configuration for --pid-file: Location '/var/run/mysqld' in the path is accessible to all OS users. Consider choosing a different directory.
2023-05-19T01:36:15.538637Z 0 [System] [MY-011323] [Server] X Plugin ready for connections. Bind-address: '::' port: 33060, socket: /var/run/mysqld/mysqlx.sock
2023-05-19T01:36:15.539793Z 0 [System] [MY-010931] [Server] /usr/sbin/mysqld: ready for connections. Version: '8.0.28'  socket: '/var/run/mysqld/mysqld.sock'  port: 3306  MySQL Community Server - GPL.
2023-05-19T03:41:53.536084Z 0 [System] [MY-013172] [Server] Received SHUTDOWN from user <via user signal>. Shutting down mysqld (Version: 8.0.28).
2023-05-19T03:41:54.527428Z 0 [System] [MY-010910] [Server] /usr/sbin/mysqld: Shutdown complete (mysqld 8.0.28)  MySQL Community Server - GPL.
2023-05-19T07:48:53.943796Z 0 [System] [MY-010116] [Server] /usr/sbin/mysqld (mysqld 8.0.28) starting as process 1
2023-05-19T07:48:54.002650Z 0 [Warning] [MY-010159] [Server] Setting lower_case_table_names=2 because file system for /var/lib/mysql/ is case insensitive
2023-05-19T07:48:54.224944Z 1 [System] [MY-013576] [InnoDB] InnoDB initialization has started.
2023-05-19T07:48:54.345349Z 1 [ERROR] [MY-012585] [InnoDB] Linux Native AIO interface is not supported on this platform. Please check your OS documentation and install appropriate binary of InnoDB.
2023-05-19T07:48:54.346589Z 1 [Warning] [MY-012654] [InnoDB] Linux Native AIO disabled.
2023-05-19T07:48:55.839573Z 1 [System] [MY-013577] [InnoDB] InnoDB initialization has ended.
2023-05-19T07:48:57.259842Z 0 [Warning] [MY-010068] [Server] CA certificate ca.pem is self signed.
2023-05-19T07:48:57.279518Z 0 [System] [MY-013602] [Server] Channel mysql_main configured to support TLS. Encrypted connections are now supported for this channel.
2023-05-19T07:48:57.305228Z 0 [Warning] [MY-011810] [Server] Insecure configuration for --pid-file: Location '/var/run/mysqld' in the path is accessible to all OS users. Consider choosing a different directory.
2023-05-19T07:48:57.659501Z 0 [System] [MY-011323] [Server] X Plugin ready for connections. Bind-address: '::' port: 33060, socket: /var/run/mysqld/mysqlx.sock
2023-05-19T07:48:57.667167Z 0 [System] [MY-010931] [Server] /usr/sbin/mysqld: ready for connections. Version: '8.0.28'  socket: '/var/run/mysqld/mysqld.sock'  port: 3306  MySQL Community Server - GPL.
2023-08-25T06:52:27.348090Z 0 [System] [MY-010116] [Server] /usr/sbin/mysqld (mysqld 8.0.28) starting as process 1
2023-08-25T06:52:27.408580Z 0 [Warning] [MY-010159] [Server] Setting lower_case_table_names=2 because file system for /var/lib/mysql/ is case insensitive
2023-08-25T06:52:27.602636Z 1 [System] [MY-013576] [InnoDB] InnoDB initialization has started.
2023-08-25T06:52:27.918211Z 1 [ERROR] [MY-012585] [InnoDB] Linux Native AIO interface is not supported on this platform. Please check your OS documentation and install appropriate binary of InnoDB.
2023-08-25T06:52:27.921279Z 1 [Warning] [MY-012654] [InnoDB] Linux Native AIO disabled.
2023-08-25T06:52:30.803666Z 1 [System] [MY-013577] [InnoDB] InnoDB initialization has ended.
2023-08-25T06:52:31.692993Z 0 [System] [MY-010229] [Server] Starting XA crash recovery...
2023-08-25T06:52:31.706631Z 0 [System] [MY-010232] [Server] XA crash recovery finished.
2023-08-25T06:52:31.954333Z 0 [Warning] [MY-010068] [Server] CA certificate ca.pem is self signed.
2023-08-25T06:52:31.955631Z 0 [System] [MY-013602] [Server] Channel mysql_main configured to support TLS. Encrypted connections are now supported for this channel.
2023-08-25T06:52:31.968410Z 0 [Warning] [MY-011810] [Server] Insecure configuration for --pid-file: Location '/var/run/mysqld' in the path is accessible to all OS users. Consider choosing a different directory.
2023-08-25T06:52:32.237543Z 0 [System] [MY-010931] [Server] /usr/sbin/mysqld: ready for connections. Version: '8.0.28'  socket: '/var/run/mysqld/mysqld.sock'  port: 3306  MySQL Community Server - GPL.
2023-08-25T06:52:32.237634Z 0 [System] [MY-011323] [Server] X Plugin ready for connections. Bind-address: '::' port: 33060, socket: /var/run/mysqld/mysqlx.sock
2023-08-25T07:34:30.482024Z 0 [System] [MY-013172] [Server] Received SHUTDOWN from user <via user signal>. Shutting down mysqld (Version: 8.0.28).
2023-08-25T07:34:31.179539Z 0 [System] [MY-010910] [Server] /usr/sbin/mysqld: Shutdown complete (mysqld 8.0.28)  MySQL Community Server - GPL.
2023-10-17T09:36:00.831583Z 0 [System] [MY-010116] [Server] /usr/sbin/mysqld (mysqld 8.0.28) starting as process 1
2023-10-17T09:36:00.877299Z 0 [Warning] [MY-010159] [Server] Setting lower_case_table_names=2 because file system for /var/lib/mysql/ is case insensitive
2023-10-17T09:36:01.016756Z 1 [System] [MY-013576] [InnoDB] InnoDB initialization has started.
2023-10-17T09:36:01.348465Z 1 [ERROR] [MY-012585] [InnoDB] Linux Native AIO interface is not supported on this platform. Please check your OS documentation and install appropriate binary of InnoDB.
2023-10-17T09:36:01.350955Z 1 [Warning] [MY-012654] [InnoDB] Linux Native AIO disabled.
2023-10-17T09:36:03.159480Z 1 [System] [MY-013577] [InnoDB] InnoDB initialization has ended.
2023-10-17T09:36:04.542493Z 0 [Warning] [MY-010068] [Server] CA certificate ca.pem is self signed.
2023-10-17T09:36:04.544509Z 0 [System] [MY-013602] [Server] Channel mysql_main configured to support TLS. Encrypted connections are now supported for this channel.
2023-10-17T09:36:04.573222Z 0 [Warning] [MY-011810] [Server] Insecure configuration for --pid-file: Location '/var/run/mysqld' in the path is accessible to all OS users. Consider choosing a different directory.
2023-10-17T09:36:04.904229Z 0 [System] [MY-011323] [Server] X Plugin ready for connections. Bind-address: '::' port: 33060, socket: /var/run/mysqld/mysqlx.sock
2023-10-17T09:36:04.908199Z 0 [System] [MY-010931] [Server] /usr/sbin/mysqld: ready for connections. Version: '8.0.28'  socket: '/var/run/mysqld/mysqld.sock'  port: 3306  MySQL Community Server - GPL.
2023-10-17T09:57:40.638539Z 0 [System] [MY-010116] [Server] /usr/sbin/mysqld (mysqld 8.0.28) starting as process 1
2023-10-17T09:57:40.666838Z 0 [Warning] [MY-010159] [Server] Setting lower_case_table_names=2 because file system for /var/lib/mysql/ is case insensitive
2023-10-17T09:57:40.782592Z 1 [System] [MY-013576] [InnoDB] InnoDB initialization has started.
2023-10-17T09:57:40.925349Z 1 [ERROR] [MY-012585] [InnoDB] Linux Native AIO interface is not supported on this platform. Please check your OS documentation and install appropriate binary of InnoDB.
2023-10-17T09:57:40.928158Z 1 [Warning] [MY-012654] [InnoDB] Linux Native AIO disabled.
2023-10-17T09:57:42.626749Z 1 [System] [MY-013577] [InnoDB] InnoDB initialization has ended.
2023-10-17T09:57:43.763578Z 0 [System] [MY-010229] [Server] Starting XA crash recovery...
2023-10-17T09:57:43.780684Z 0 [System] [MY-010232] [Server] XA crash recovery finished.
2023-10-17T09:57:43.961629Z 0 [Warning] [MY-010068] [Server] CA certificate ca.pem is self signed.
2023-10-17T09:57:43.963097Z 0 [System] [MY-013602] [Server] Channel mysql_main configured to support TLS. Encrypted connections are now supported for this channel.
2023-10-17T09:57:43.978047Z 0 [Warning] [MY-011810] [Server] Insecure configuration for --pid-file: Location '/var/run/mysqld' in the path is accessible to all OS users. Consider choosing a different directory.
2023-10-17T09:57:44.238832Z 0 [System] [MY-011323] [Server] X Plugin ready for connections. Bind-address: '::' port: 33060, socket: /var/run/mysqld/mysqlx.sock
2023-10-17T09:57:44.239091Z 0 [System] [MY-010931] [Server] /usr/sbin/mysqld: ready for connections. Version: '8.0.28'  socket: '/var/run/mysqld/mysqld.sock'  port: 3306  MySQL Community Server - GPL.
2023-10-18T00:41:05.339278Z 0 [System] [MY-013172] [Server] Received SHUTDOWN from user <via user signal>. Shutting down mysqld (Version: 8.0.28).
2023-10-18T00:41:07.536643Z 0 [Warning] [MY-010909] [Server] /usr/sbin/mysqld: Forcing close of thread 16  user: 'user'.
2023-10-18T00:41:07.541601Z 0 [Warning] [MY-010909] [Server] /usr/sbin/mysqld: Forcing close of thread 17  user: 'user'.
2023-10-18T00:41:08.330143Z 0 [System] [MY-010910] [Server] /usr/sbin/mysqld: Shutdown complete (mysqld 8.0.28)  MySQL Community Server - GPL.
2023-10-18T01:35:37.599309Z 0 [System] [MY-010116] [Server] /usr/sbin/mysqld (mysqld 8.0.28) starting as process 1
2023-10-18T01:35:37.632452Z 0 [Warning] [MY-010159] [Server] Setting lower_case_table_names=2 because file system for /var/lib/mysql/ is case insensitive
2023-10-18T01:35:37.775624Z 1 [System] [MY-013576] [InnoDB] InnoDB initialization has started.
2023-10-18T01:35:38.008820Z 1 [ERROR] [MY-012585] [InnoDB] Linux Native AIO interface is not supported on this platform. Please check your OS documentation and install appropriate binary of InnoDB.
2023-10-18T01:35:38.011054Z 1 [Warning] [MY-012654] [InnoDB] Linux Native AIO disabled.
2023-10-18T01:35:39.147187Z 1 [System] [MY-013577] [InnoDB] InnoDB initialization has ended.
2023-10-18T01:35:40.210814Z 0 [Warning] [MY-010068] [Server] CA certificate ca.pem is self signed.
2023-10-18T01:35:40.212282Z 0 [System] [MY-013602] [Server] Channel mysql_main configured to support TLS. Encrypted connections are now supported for this channel.
2023-10-18T01:35:40.224934Z 0 [Warning] [MY-011810] [Server] Insecure configuration for --pid-file: Location '/var/run/mysqld' in the path is accessible to all OS users. Consider choosing a different directory.
2023-10-18T01:35:40.452262Z 0 [System] [MY-011323] [Server] X Plugin ready for connections. Bind-address: '::' port: 33060, socket: /var/run/mysqld/mysqlx.sock
2023-10-18T01:35:40.454497Z 0 [System] [MY-010931] [Server] /usr/sbin/mysqld: ready for connections. Version: '8.0.28'  socket: '/var/run/mysqld/mysqld.sock'  port: 3306  MySQL Community Server - GPL.
2023-10-18T07:12:10.593167Z 0 [System] [MY-013172] [Server] Received SHUTDOWN from user <via user signal>. Shutting down mysqld (Version: 8.0.28).
2023-10-18T07:12:11.695924Z 0 [System] [MY-010910] [Server] /usr/sbin/mysqld: Shutdown complete (mysqld 8.0.28)  MySQL Community Server - GPL.
2023-10-18T09:07:37.108338Z 0 [System] [MY-010116] [Server] /usr/sbin/mysqld (mysqld 8.0.28) starting as process 1
2023-10-18T09:07:37.140309Z 0 [Warning] [MY-010159] [Server] Setting lower_case_table_names=2 because file system for /var/lib/mysql/ is case insensitive
2023-10-18T09:07:37.252637Z 1 [System] [MY-013576] [InnoDB] InnoDB initialization has started.
2023-10-18T09:07:37.444919Z 1 [ERROR] [MY-012585] [InnoDB] Linux Native AIO interface is not supported on this platform. Please check your OS documentation and install appropriate binary of InnoDB.
2023-10-18T09:07:37.445942Z 1 [Warning] [MY-012654] [InnoDB] Linux Native AIO disabled.
2023-10-18T09:07:39.410855Z 1 [System] [MY-013577] [InnoDB] InnoDB initialization has ended.
2023-10-18T09:07:40.743058Z 0 [Warning] [MY-010068] [Server] CA certificate ca.pem is self signed.
2023-10-18T09:07:40.746334Z 0 [System] [MY-013602] [Server] Channel mysql_main configured to support TLS. Encrypted connections are now supported for this channel.
2023-10-18T09:07:40.773264Z 0 [Warning] [MY-011810] [Server] Insecure configuration for --pid-file: Location '/var/run/mysqld' in the path is accessible to all OS users. Consider choosing a different directory.
2023-10-18T09:07:41.034222Z 0 [System] [MY-011323] [Server] X Plugin ready for connections. Bind-address: '::' port: 33060, socket: /var/run/mysqld/mysqlx.sock
2023-10-18T09:07:41.036405Z 0 [System] [MY-010931] [Server] /usr/sbin/mysqld: ready for connections. Version: '8.0.28'  socket: '/var/run/mysqld/mysqld.sock'  port: 3306  MySQL Community Server - GPL.
2023-10-18T09:53:52.014381Z 0 [System] [MY-013172] [Server] Received SHUTDOWN from user <via user signal>. Shutting down mysqld (Version: 8.0.28).
2023-10-18T09:53:53.394357Z 0 [System] [MY-010910] [Server] /usr/sbin/mysqld: Shutdown complete (mysqld 8.0.28)  MySQL Community Server - GPL.
2023-10-18T12:40:57.842457Z 0 [System] [MY-010116] [Server] /usr/sbin/mysqld (mysqld 8.0.28) starting as process 1
2023-10-18T12:40:57.894210Z 0 [Warning] [MY-010159] [Server] Setting lower_case_table_names=2 because file system for /var/lib/mysql/ is case insensitive
2023-10-18T12:40:58.107115Z 1 [System] [MY-013576] [InnoDB] InnoDB initialization has started.
2023-10-18T12:40:58.339425Z 1 [ERROR] [MY-012585] [InnoDB] Linux Native AIO interface is not supported on this platform. Please check your OS documentation and install appropriate binary of InnoDB.
2023-10-18T12:40:58.340482Z 1 [Warning] [MY-012654] [InnoDB] Linux Native AIO disabled.
2023-10-18T12:40:59.530771Z 1 [System] [MY-013577] [InnoDB] InnoDB initialization has ended.
2023-10-18T12:41:00.605245Z 0 [Warning] [MY-010068] [Server] CA certificate ca.pem is self signed.
2023-10-18T12:41:00.607103Z 0 [System] [MY-013602] [Server] Channel mysql_main configured to support TLS. Encrypted connections are now supported for this channel.
2023-10-18T12:41:00.625610Z 0 [Warning] [MY-011810] [Server] Insecure configuration for --pid-file: Location '/var/run/mysqld' in the path is accessible to all OS users. Consider choosing a different directory.
2023-10-18T12:41:00.855511Z 0 [System] [MY-011323] [Server] X Plugin ready for connections. Bind-address: '::' port: 33060, socket: /var/run/mysqld/mysqlx.sock
2023-10-18T12:41:00.857284Z 0 [System] [MY-010931] [Server] /usr/sbin/mysqld: ready for connections. Version: '8.0.28'  socket: '/var/run/mysqld/mysqld.sock'  port: 3306  MySQL Community Server - GPL.
2023-10-19T11:59:24.717535Z 0 [System] [MY-013172] [Server] Received SHUTDOWN from user <via user signal>. Shutting down mysqld (Version: 8.0.28).
2023-10-19T11:59:26.922784Z 0 [Warning] [MY-010909] [Server] /usr/sbin/mysqld: Forcing close of thread 208  user: 'user'.
2023-10-19T11:59:26.926252Z 0 [Warning] [MY-010909] [Server] /usr/sbin/mysqld: Forcing close of thread 209  user: 'user'.
2023-10-19T11:59:26.928009Z 0 [Warning] [MY-010909] [Server] /usr/sbin/mysqld: Forcing close of thread 11  user: 'user'.
2023-10-19T11:59:26.936606Z 0 [Warning] [MY-010909] [Server] /usr/sbin/mysqld: Forcing close of thread 164  user: 'user'.
2023-10-19T11:59:26.944751Z 0 [Warning] [MY-010909] [Server] /usr/sbin/mysqld: Forcing close of thread 165  user: 'user'.
2023-10-19T11:59:28.473833Z 0 [System] [MY-010910] [Server] /usr/sbin/mysqld: Shutdown complete (mysqld 8.0.28)  MySQL Community Server - GPL.
2024-02-21T05:03:53.753526Z 0 [System] [MY-010116] [Server] /usr/sbin/mysqld (mysqld 8.0.28) starting as process 1
2024-02-21T05:03:53.863705Z 0 [Warning] [MY-010159] [Server] Setting lower_case_table_names=2 because file system for /var/lib/mysql/ is case insensitive
2024-02-21T05:03:54.168800Z 1 [System] [MY-013576] [InnoDB] InnoDB initialization has started.
2024-02-21T05:03:54.447567Z 1 [ERROR] [MY-012585] [InnoDB] Linux Native AIO interface is not supported on this platform. Please check your OS documentation and install appropriate binary of InnoDB.
2024-02-21T05:03:54.449188Z 1 [Warning] [MY-012654] [InnoDB] Linux Native AIO disabled.
2024-02-21T05:03:59.127605Z 1 [System] [MY-013577] [InnoDB] InnoDB initialization has ended.
2024-02-21T05:04:04.530466Z 0 [Warning] [MY-010068] [Server] CA certificate ca.pem is self signed.
2024-02-21T05:04:04.580017Z 0 [System] [MY-013602] [Server] Channel mysql_main configured to support TLS. Encrypted connections are now supported for this channel.
2024-02-21T05:04:04.711639Z 0 [Warning] [MY-011810] [Server] Insecure configuration for --pid-file: Location '/var/run/mysqld' in the path is accessible to all OS users. Consider choosing a different directory.
2024-02-21T05:04:05.584698Z 0 [System] [MY-011323] [Server] X Plugin ready for connections. Bind-address: '::' port: 33060, socket: /var/run/mysqld/mysqlx.sock
2024-02-21T05:04:05.587249Z 0 [System] [MY-010931] [Server] /usr/sbin/mysqld: ready for connections. Version: '8.0.28'  socket: '/var/run/mysqld/mysqld.sock'  port: 3306  MySQL Community Server - GPL.
2024-02-21T10:05:02.194936Z 0 [System] [MY-013172] [Server] Received SHUTDOWN from user <via user signal>. Shutting down mysqld (Version: 8.0.28).
2024-02-21T10:05:04.103654Z 0 [System] [MY-010910] [Server] /usr/sbin/mysqld: Shutdown complete (mysqld 8.0.28)  MySQL Community Server - GPL.
2024-02-21T10:12:07.348004Z 0 [System] [MY-010116] [Server] /usr/sbin/mysqld (mysqld 8.0.28) starting as process 1
2024-02-21T10:12:07.408641Z 0 [Warning] [MY-010159] [Server] Setting lower_case_table_names=2 because file system for /var/lib/mysql/ is case insensitive
2024-02-21T10:12:07.637482Z 1 [System] [MY-013576] [InnoDB] InnoDB initialization has started.
2024-02-21T10:12:07.964358Z 1 [ERROR] [MY-012585] [InnoDB] Linux Native AIO interface is not supported on this platform. Please check your OS documentation and install appropriate binary of InnoDB.
2024-02-21T10:12:07.966024Z 1 [Warning] [MY-012654] [InnoDB] Linux Native AIO disabled.
2024-02-21T10:12:10.141844Z 1 [System] [MY-013577] [InnoDB] InnoDB initialization has ended.
2024-02-21T10:12:12.049888Z 0 [Warning] [MY-010068] [Server] CA certificate ca.pem is self signed.
2024-02-21T10:12:12.051789Z 0 [System] [MY-013602] [Server] Channel mysql_main configured to support TLS. Encrypted connections are now supported for this channel.
2024-02-21T10:12:12.083578Z 0 [Warning] [MY-011810] [Server] Insecure configuration for --pid-file: Location '/var/run/mysqld' in the path is accessible to all OS users. Consider choosing a different directory.
2024-02-21T10:12:12.623703Z 0 [System] [MY-011323] [Server] X Plugin ready for connections. Bind-address: '::' port: 33060, socket: /var/run/mysqld/mysqlx.sock
2024-02-21T10:12:12.624392Z 0 [System] [MY-010931] [Server] /usr/sbin/mysqld: ready for connections. Version: '8.0.28'  socket: '/var/run/mysqld/mysqld.sock'  port: 3306  MySQL Community Server - GPL.
2024-02-21T10:18:35.793999Z 0 [System] [MY-013172] [Server] Received SHUTDOWN from user <via user signal>. Shutting down mysqld (Version: 8.0.28).
2024-02-21T10:18:37.498587Z 0 [System] [MY-010910] [Server] /usr/sbin/mysqld: Shutdown complete (mysqld 8.0.28)  MySQL Community Server - GPL.
2024-02-22T01:03:23.373524Z 0 [System] [MY-010116] [Server] /usr/sbin/mysqld (mysqld 8.0.28) starting as process 1
2024-02-22T01:03:23.404243Z 0 [Warning] [MY-010159] [Server] Setting lower_case_table_names=2 because file system for /var/lib/mysql/ is case insensitive
2024-02-22T01:03:23.622652Z 1 [System] [MY-013576] [InnoDB] InnoDB initialization has started.
2024-02-22T01:03:24.042280Z 1 [ERROR] [MY-012585] [InnoDB] Linux Native AIO interface is not supported on this platform. Please check your OS documentation and install appropriate binary of InnoDB.
2024-02-22T01:03:24.048641Z 1 [Warning] [MY-012654] [InnoDB] Linux Native AIO disabled.
2024-02-22T01:03:26.747037Z 1 [System] [MY-013577] [InnoDB] InnoDB initialization has ended.
2024-02-22T01:03:28.583131Z 0 [Warning] [MY-010068] [Server] CA certificate ca.pem is self signed.
2024-02-22T01:03:28.585102Z 0 [System] [MY-013602] [Server] Channel mysql_main configured to support TLS. Encrypted connections are now supported for this channel.
2024-02-22T01:03:28.603691Z 0 [Warning] [MY-011810] [Server] Insecure configuration for --pid-file: Location '/var/run/mysqld' in the path is accessible to all OS users. Consider choosing a different directory.
2024-02-22T01:03:28.990278Z 0 [System] [MY-011323] [Server] X Plugin ready for connections. Bind-address: '::' port: 33060, socket: /var/run/mysqld/mysqlx.sock
2024-02-22T01:03:28.998822Z 0 [System] [MY-010931] [Server] /usr/sbin/mysqld: ready for connections. Version: '8.0.28'  socket: '/var/run/mysqld/mysqld.sock'  port: 3306  MySQL Community Server - GPL.
2024-02-26T01:32:05.224462Z 0 [System] [MY-013172] [Server] Received SHUTDOWN from user <via user signal>. Shutting down mysqld (Version: 8.0.28).
2024-02-26T01:32:07.268289Z 0 [System] [MY-010910] [Server] /usr/sbin/mysqld: Shutdown complete (mysqld 8.0.28)  MySQL Community Server - GPL.
2024-02-26T01:47:02.198861Z 0 [System] [MY-010116] [Server] /usr/sbin/mysqld (mysqld 8.0.28) starting as process 1
2024-02-26T01:47:02.284323Z 0 [Warning] [MY-010159] [Server] Setting lower_case_table_names=2 because file system for /var/lib/mysql/ is case insensitive
2024-02-26T01:47:02.673637Z 1 [System] [MY-013576] [InnoDB] InnoDB initialization has started.
2024-02-26T01:47:03.454492Z 1 [ERROR] [MY-012585] [InnoDB] Linux Native AIO interface is not supported on this platform. Please check your OS documentation and install appropriate binary of InnoDB.
2024-02-26T01:47:03.458638Z 1 [Warning] [MY-012654] [InnoDB] Linux Native AIO disabled.
2024-02-26T01:47:07.615793Z 1 [System] [MY-013577] [InnoDB] InnoDB initialization has ended.
2024-02-26T01:47:11.389555Z 0 [Warning] [MY-010068] [Server] CA certificate ca.pem is self signed.
2024-02-26T01:47:11.394831Z 0 [System] [MY-013602] [Server] Channel mysql_main configured to support TLS. Encrypted connections are now supported for this channel.
2024-02-26T01:47:11.422492Z 0 [Warning] [MY-011810] [Server] Insecure configuration for --pid-file: Location '/var/run/mysqld' in the path is accessible to all OS users. Consider choosing a different directory.
2024-02-26T01:47:11.801322Z 0 [System] [MY-011323] [Server] X Plugin ready for connections. Bind-address: '::' port: 33060, socket: /var/run/mysqld/mysqlx.sock
2024-02-26T01:47:11.807383Z 0 [System] [MY-010931] [Server] /usr/sbin/mysqld: ready for connections. Version: '8.0.28'  socket: '/var/run/mysqld/mysqld.sock'  port: 3306  MySQL Community Server - GPL.
2024-02-26T08:53:43.857358Z 0 [System] [MY-013172] [Server] Received SHUTDOWN from user <via user signal>. Shutting down mysqld (Version: 8.0.28).
2024-02-26T08:53:44.649263Z 0 [System] [MY-010910] [Server] /usr/sbin/mysqld: Shutdown complete (mysqld 8.0.28)  MySQL Community Server - GPL.
2024-02-26T09:38:34.298999Z 0 [System] [MY-010116] [Server] /usr/sbin/mysqld (mysqld 8.0.28) starting as process 1
2024-02-26T09:38:34.378387Z 0 [Warning] [MY-010159] [Server] Setting lower_case_table_names=2 because file system for /var/lib/mysql/ is case insensitive
2024-02-26T09:38:34.736729Z 1 [System] [MY-013576] [InnoDB] InnoDB initialization has started.
2024-02-26T09:38:35.381616Z 1 [ERROR] [MY-012585] [InnoDB] Linux Native AIO interface is not supported on this platform. Please check your OS documentation and install appropriate binary of InnoDB.
2024-02-26T09:38:35.382922Z 1 [Warning] [MY-012654] [InnoDB] Linux Native AIO disabled.
2024-02-26T09:38:38.180431Z 1 [System] [MY-013577] [InnoDB] InnoDB initialization has ended.
2024-02-26T09:38:41.052084Z 0 [Warning] [MY-010068] [Server] CA certificate ca.pem is self signed.
2024-02-26T09:38:41.056347Z 0 [System] [MY-013602] [Server] Channel mysql_main configured to support TLS. Encrypted connections are now supported for this channel.
2024-02-26T09:38:41.078952Z 0 [Warning] [MY-011810] [Server] Insecure configuration for --pid-file: Location '/var/run/mysqld' in the path is accessible to all OS users. Consider choosing a different directory.
2024-02-26T09:38:41.510324Z 0 [System] [MY-011323] [Server] X Plugin ready for connections. Bind-address: '::' port: 33060, socket: /var/run/mysqld/mysqlx.sock
2024-02-26T09:38:41.512741Z 0 [System] [MY-010931] [Server] /usr/sbin/mysqld: ready for connections. Version: '8.0.28'  socket: '/var/run/mysqld/mysqld.sock'  port: 3306  MySQL Community Server - GPL.
2024-02-26T09:58:55.111737Z 0 [System] [MY-013172] [Server] Received SHUTDOWN from user <via user signal>. Shutting down mysqld (Version: 8.0.28).
2024-02-26T09:58:56.318567Z 0 [System] [MY-010910] [Server] /usr/sbin/mysqld: Shutdown complete (mysqld 8.0.28)  MySQL Community Server - GPL.
2024-02-27T07:28:46.483094Z 0 [System] [MY-010116] [Server] /usr/sbin/mysqld (mysqld 8.0.28) starting as process 1
2024-02-27T07:28:46.511435Z 0 [Warning] [MY-010159] [Server] Setting lower_case_table_names=2 because file system for /var/lib/mysql/ is case insensitive
2024-02-27T07:28:46.631942Z 1 [System] [MY-013576] [InnoDB] InnoDB initialization has started.
2024-02-27T07:28:46.903610Z 1 [ERROR] [MY-012585] [InnoDB] Linux Native AIO interface is not supported on this platform. Please check your OS documentation and install appropriate binary of InnoDB.
2024-02-27T07:28:46.905068Z 1 [Warning] [MY-012654] [InnoDB] Linux Native AIO disabled.
2024-02-27T07:28:48.231681Z 1 [System] [MY-013577] [InnoDB] InnoDB initialization has ended.
2024-02-27T07:28:50.137082Z 0 [Warning] [MY-010068] [Server] CA certificate ca.pem is self signed.
2024-02-27T07:28:50.139267Z 0 [System] [MY-013602] [Server] Channel mysql_main configured to support TLS. Encrypted connections are now supported for this channel.
2024-02-27T07:28:50.154395Z 0 [Warning] [MY-011810] [Server] Insecure configuration for --pid-file: Location '/var/run/mysqld' in the path is accessible to all OS users. Consider choosing a different directory.
2024-02-27T07:28:50.443123Z 0 [System] [MY-010931] [Server] /usr/sbin/mysqld: ready for connections. Version: '8.0.28'  socket: '/var/run/mysqld/mysqld.sock'  port: 3306  MySQL Community Server - GPL.
2024-02-27T07:28:50.443255Z 0 [System] [MY-011323] [Server] X Plugin ready for connections. Bind-address: '::' port: 33060, socket: /var/run/mysqld/mysqlx.sock
2024-02-27T10:11:51.685424Z 0 [System] [MY-013172] [Server] Received SHUTDOWN from user <via user signal>. Shutting down mysqld (Version: 8.0.28).
2024-02-27T10:11:53.034700Z 0 [System] [MY-010910] [Server] /usr/sbin/mysqld: Shutdown complete (mysqld 8.0.28)  MySQL Community Server - GPL.
2024-03-07T05:33:23.716000Z 0 [System] [MY-010116] [Server] /usr/sbin/mysqld (mysqld 8.0.28) starting as process 1
2024-03-07T05:33:23.806544Z 0 [Warning] [MY-010159] [Server] Setting lower_case_table_names=2 because file system for /var/lib/mysql/ is case insensitive
2024-03-07T05:33:24.014807Z 1 [System] [MY-013576] [InnoDB] InnoDB initialization has started.
2024-03-07T05:33:24.297354Z 1 [ERROR] [MY-012585] [InnoDB] Linux Native AIO interface is not supported on this platform. Please check your OS documentation and install appropriate binary of InnoDB.
2024-03-07T05:33:24.299470Z 1 [Warning] [MY-012654] [InnoDB] Linux Native AIO disabled.
2024-03-07T05:33:25.997993Z 1 [System] [MY-013577] [InnoDB] InnoDB initialization has ended.
2024-03-07T05:33:27.619866Z 0 [Warning] [MY-010068] [Server] CA certificate ca.pem is self signed.
2024-03-07T05:33:27.621511Z 0 [System] [MY-013602] [Server] Channel mysql_main configured to support TLS. Encrypted connections are now supported for this channel.
2024-03-07T05:33:27.637269Z 0 [Warning] [MY-011810] [Server] Insecure configuration for --pid-file: Location '/var/run/mysqld' in the path is accessible to all OS users. Consider choosing a different directory.
2024-03-07T05:33:27.888151Z 0 [System] [MY-011323] [Server] X Plugin ready for connections. Bind-address: '::' port: 33060, socket: /var/run/mysqld/mysqlx.sock
2024-03-07T05:33:27.890556Z 0 [System] [MY-010931] [Server] /usr/sbin/mysqld: ready for connections. Version: '8.0.28'  socket: '/var/run/mysqld/mysqld.sock'  port: 3306  MySQL Community Server - GPL.
2024-03-07T07:48:32.089766Z 0 [System] [MY-013172] [Server] Received SHUTDOWN from user <via user signal>. Shutting down mysqld (Version: 8.0.28).
2024-03-07T07:48:33.233070Z 0 [System] [MY-010910] [Server] /usr/sbin/mysqld: Shutdown complete (mysqld 8.0.28)  MySQL Community Server - GPL.
2024-03-07T08:00:04.864253Z 0 [System] [MY-010116] [Server] /usr/sbin/mysqld (mysqld 8.0.28) starting as process 1
2024-03-07T08:00:04.895304Z 0 [Warning] [MY-010159] [Server] Setting lower_case_table_names=2 because file system for /var/lib/mysql/ is case insensitive
2024-03-07T08:00:05.013269Z 1 [System] [MY-013576] [InnoDB] InnoDB initialization has started.
2024-03-07T08:00:05.195947Z 1 [ERROR] [MY-012585] [InnoDB] Linux Native AIO interface is not supported on this platform. Please check your OS documentation and install appropriate binary of InnoDB.
2024-03-07T08:00:05.197342Z 1 [Warning] [MY-012654] [InnoDB] Linux Native AIO disabled.
2024-03-07T08:00:06.541033Z 1 [System] [MY-013577] [InnoDB] InnoDB initialization has ended.
2024-03-07T08:00:08.138751Z 0 [Warning] [MY-010068] [Server] CA certificate ca.pem is self signed.
2024-03-07T08:00:08.140290Z 0 [System] [MY-013602] [Server] Channel mysql_main configured to support TLS. Encrypted connections are now supported for this channel.
2024-03-07T08:00:08.154476Z 0 [Warning] [MY-011810] [Server] Insecure configuration for --pid-file: Location '/var/run/mysqld' in the path is accessible to all OS users. Consider choosing a different directory.
2024-03-07T08:00:08.430792Z 0 [System] [MY-010931] [Server] /usr/sbin/mysqld: ready for connections. Version: '8.0.28'  socket: '/var/run/mysqld/mysqld.sock'  port: 3306  MySQL Community Server - GPL.
2024-03-07T08:00:08.430755Z 0 [System] [MY-011323] [Server] X Plugin ready for connections. Bind-address: '::' port: 33060, socket: /var/run/mysqld/mysqlx.sock
2024-03-08T10:40:01.674340Z 0 [System] [MY-013172] [Server] Received SHUTDOWN from user <via user signal>. Shutting down mysqld (Version: 8.0.28).
2024-03-08T10:40:03.209317Z 0 [System] [MY-010910] [Server] /usr/sbin/mysqld: Shutdown complete (mysqld 8.0.28)  MySQL Community Server - GPL.
2024-03-11T00:45:05.548015Z 0 [System] [MY-010116] [Server] /usr/sbin/mysqld (mysqld 8.0.28) starting as process 1
2024-03-11T00:45:05.590826Z 0 [Warning] [MY-010159] [Server] Setting lower_case_table_names=2 because file system for /var/lib/mysql/ is case insensitive
2024-03-11T00:45:05.732322Z 1 [System] [MY-013576] [InnoDB] InnoDB initialization has started.
2024-03-11T00:45:05.975374Z 1 [ERROR] [MY-012585] [InnoDB] Linux Native AIO interface is not supported on this platform. Please check your OS documentation and install appropriate binary of InnoDB.
2024-03-11T00:45:05.977691Z 1 [Warning] [MY-012654] [InnoDB] Linux Native AIO disabled.
2024-03-11T00:45:07.455066Z 1 [System] [MY-013577] [InnoDB] InnoDB initialization has ended.
2024-03-11T00:45:09.292918Z 0 [Warning] [MY-010068] [Server] CA certificate ca.pem is self signed.
2024-03-11T00:45:09.295059Z 0 [System] [MY-013602] [Server] Channel mysql_main configured to support TLS. Encrypted connections are now supported for this channel.
2024-03-11T00:45:09.319225Z 0 [Warning] [MY-011810] [Server] Insecure configuration for --pid-file: Location '/var/run/mysqld' in the path is accessible to all OS users. Consider choosing a different directory.
2024-03-11T00:45:09.662943Z 0 [System] [MY-010931] [Server] /usr/sbin/mysqld: ready for connections. Version: '8.0.28'  socket: '/var/run/mysqld/mysqld.sock'  port: 3306  MySQL Community Server - GPL.
2024-03-11T00:45:09.663247Z 0 [System] [MY-011323] [Server] X Plugin ready for connections. Bind-address: '::' port: 33060, socket: /var/run/mysqld/mysqlx.sock
2024-03-11T00:49:53.168224Z 0 [System] [MY-013172] [Server] Received SHUTDOWN from user <via user signal>. Shutting down mysqld (Version: 8.0.28).
2024-03-11T00:49:53.688391Z 0 [System] [MY-010910] [Server] /usr/sbin/mysqld: Shutdown complete (mysqld 8.0.28)  MySQL Community Server - GPL.
2024-03-11T00:59:52.024824Z 0 [System] [MY-010116] [Server] /usr/sbin/mysqld (mysqld 8.0.28) starting as process 1
2024-03-11T00:59:52.060497Z 0 [Warning] [MY-010159] [Server] Setting lower_case_table_names=2 because file system for /var/lib/mysql/ is case insensitive
2024-03-11T00:59:52.202049Z 1 [System] [MY-013576] [InnoDB] InnoDB initialization has started.
2024-03-11T00:59:52.409138Z 1 [ERROR] [MY-012585] [InnoDB] Linux Native AIO interface is not supported on this platform. Please check your OS documentation and install appropriate binary of InnoDB.
2024-03-11T00:59:52.411514Z 1 [Warning] [MY-012654] [InnoDB] Linux Native AIO disabled.
2024-03-11T00:59:53.689954Z 1 [System] [MY-013577] [InnoDB] InnoDB initialization has ended.
2024-03-11T00:59:54.986485Z 0 [Warning] [MY-010068] [Server] CA certificate ca.pem is self signed.
2024-03-11T00:59:54.987793Z 0 [System] [MY-013602] [Server] Channel mysql_main configured to support TLS. Encrypted connections are now supported for this channel.
2024-03-11T00:59:55.001571Z 0 [Warning] [MY-011810] [Server] Insecure configuration for --pid-file: Location '/var/run/mysqld' in the path is accessible to all OS users. Consider choosing a different directory.
2024-03-11T00:59:55.238327Z 0 [System] [MY-011323] [Server] X Plugin ready for connections. Bind-address: '::' port: 33060, socket: /var/run/mysqld/mysqlx.sock
2024-03-11T00:59:55.238879Z 0 [System] [MY-010931] [Server] /usr/sbin/mysqld: ready for connections. Version: '8.0.28'  socket: '/var/run/mysqld/mysqld.sock'  port: 3306  MySQL Community Server - GPL.
2024-03-11T01:32:01.480325Z 0 [System] [MY-013172] [Server] Received SHUTDOWN from user <via user signal>. Shutting down mysqld (Version: 8.0.28).
2024-03-11T01:32:02.488437Z 0 [System] [MY-010910] [Server] /usr/sbin/mysqld: Shutdown complete (mysqld 8.0.28)  MySQL Community Server - GPL.
2024-03-11T01:59:59.274482Z 0 [System] [MY-010116] [Server] /usr/sbin/mysqld (mysqld 8.0.28) starting as process 1
2024-03-11T01:59:59.314104Z 0 [Warning] [MY-010159] [Server] Setting lower_case_table_names=2 because file system for /var/lib/mysql/ is case insensitive
2024-03-11T01:59:59.503274Z 1 [System] [MY-013576] [InnoDB] InnoDB initialization has started.
2024-03-11T01:59:59.756137Z 1 [ERROR] [MY-012585] [InnoDB] Linux Native AIO interface is not supported on this platform. Please check your OS documentation and install appropriate binary of InnoDB.
2024-03-11T01:59:59.757306Z 1 [Warning] [MY-012654] [InnoDB] Linux Native AIO disabled.
2024-03-11T02:00:01.321929Z 1 [System] [MY-013577] [InnoDB] InnoDB initialization has ended.
2024-03-11T02:00:03.562162Z 0 [Warning] [MY-010068] [Server] CA certificate ca.pem is self signed.
2024-03-11T02:00:03.564249Z 0 [System] [MY-013602] [Server] Channel mysql_main configured to support TLS. Encrypted connections are now supported for this channel.
2024-03-11T02:00:03.586632Z 0 [Warning] [MY-011810] [Server] Insecure configuration for --pid-file: Location '/var/run/mysqld' in the path is accessible to all OS users. Consider choosing a different directory.
2024-03-11T02:00:04.329365Z 0 [System] [MY-011323] [Server] X Plugin ready for connections. Bind-address: '::' port: 33060, socket: /var/run/mysqld/mysqlx.sock
2024-03-11T02:00:04.329935Z 0 [System] [MY-010931] [Server] /usr/sbin/mysqld: ready for connections. Version: '8.0.28'  socket: '/var/run/mysqld/mysqld.sock'  port: 3306  MySQL Community Server - GPL.
2024-03-11T03:19:50.984176Z 0 [System] [MY-013172] [Server] Received SHUTDOWN from user <via user signal>. Shutting down mysqld (Version: 8.0.28).
2024-03-11T03:19:52.586394Z 0 [System] [MY-010910] [Server] /usr/sbin/mysqld: Shutdown complete (mysqld 8.0.28)  MySQL Community Server - GPL.
2024-03-11T07:24:41.206413Z 0 [System] [MY-010116] [Server] /usr/sbin/mysqld (mysqld 8.0.28) starting as process 1
2024-03-11T07:24:41.255592Z 0 [Warning] [MY-010159] [Server] Setting lower_case_table_names=2 because file system for /var/lib/mysql/ is case insensitive
2024-03-11T07:24:41.395586Z 1 [System] [MY-013576] [InnoDB] InnoDB initialization has started.
2024-03-11T07:24:41.811369Z 1 [ERROR] [MY-012585] [InnoDB] Linux Native AIO interface is not supported on this platform. Please check your OS documentation and install appropriate binary of InnoDB.
2024-03-11T07:24:41.812795Z 1 [Warning] [MY-012654] [InnoDB] Linux Native AIO disabled.
2024-03-11T07:24:44.203562Z 1 [System] [MY-013577] [InnoDB] InnoDB initialization has ended.
2024-03-11T07:24:45.731400Z 0 [Warning] [MY-010068] [Server] CA certificate ca.pem is self signed.
2024-03-11T07:24:45.733056Z 0 [System] [MY-013602] [Server] Channel mysql_main configured to support TLS. Encrypted connections are now supported for this channel.
2024-03-11T07:24:45.748911Z 0 [Warning] [MY-011810] [Server] Insecure configuration for --pid-file: Location '/var/run/mysqld' in the path is accessible to all OS users. Consider choosing a different directory.
2024-03-11T07:24:46.042371Z 0 [System] [MY-011323] [Server] X Plugin ready for connections. Bind-address: '::' port: 33060, socket: /var/run/mysqld/mysqlx.sock
2024-03-11T07:24:46.052525Z 0 [System] [MY-010931] [Server] /usr/sbin/mysqld: ready for connections. Version: '8.0.28'  socket: '/var/run/mysqld/mysqld.sock'  port: 3306  MySQL Community Server - GPL.
2024-03-11T08:06:57.921269Z 0 [System] [MY-013172] [Server] Received SHUTDOWN from user <via user signal>. Shutting down mysqld (Version: 8.0.28).
2024-03-11T08:06:59.333870Z 0 [System] [MY-010910] [Server] /usr/sbin/mysqld: Shutdown complete (mysqld 8.0.28)  MySQL Community Server - GPL.
2024-03-24T07:12:43.172651Z 0 [System] [MY-010116] [Server] /usr/sbin/mysqld (mysqld 8.0.28) starting as process 1
2024-03-24T07:12:43.200912Z 0 [Warning] [MY-010159] [Server] Setting lower_case_table_names=2 because file system for /var/lib/mysql/ is case insensitive
2024-03-24T07:12:43.320082Z 1 [System] [MY-013576] [InnoDB] InnoDB initialization has started.
2024-03-24T07:12:43.501418Z 1 [ERROR] [MY-012585] [InnoDB] Linux Native AIO interface is not supported on this platform. Please check your OS documentation and install appropriate binary of InnoDB.
2024-03-24T07:12:43.503005Z 1 [Warning] [MY-012654] [InnoDB] Linux Native AIO disabled.
2024-03-24T07:12:44.780506Z 1 [System] [MY-013577] [InnoDB] InnoDB initialization has ended.
2024-03-24T07:12:45.917598Z 0 [Warning] [MY-010068] [Server] CA certificate ca.pem is self signed.
2024-03-24T07:12:45.919890Z 0 [System] [MY-013602] [Server] Channel mysql_main configured to support TLS. Encrypted connections are now supported for this channel.
2024-03-24T07:12:45.936942Z 0 [Warning] [MY-011810] [Server] Insecure configuration for --pid-file: Location '/var/run/mysqld' in the path is accessible to all OS users. Consider choosing a different directory.
2024-03-24T07:12:46.169958Z 0 [System] [MY-011323] [Server] X Plugin ready for connections. Bind-address: '::' port: 33060, socket: /var/run/mysqld/mysqlx.sock
2024-03-24T07:12:46.171802Z 0 [System] [MY-010931] [Server] /usr/sbin/mysqld: ready for connections. Version: '8.0.28'  socket: '/var/run/mysqld/mysqld.sock'  port: 3306  MySQL Community Server - GPL.
2024-04-01T09:43:06.079695Z 0 [System] [MY-010116] [Server] /usr/sbin/mysqld (mysqld 8.0.28) starting as process 1
2024-04-01T09:43:06.203045Z 0 [Warning] [MY-010159] [Server] Setting lower_case_table_names=2 because file system for /var/lib/mysql/ is case insensitive
2024-04-01T09:43:06.715693Z 1 [System] [MY-013576] [InnoDB] InnoDB initialization has started.
2024-04-01T09:43:08.138231Z 1 [ERROR] [MY-012585] [InnoDB] Linux Native AIO interface is not supported on this platform. Please check your OS documentation and install appropriate binary of InnoDB.
2024-04-01T09:43:08.144828Z 1 [Warning] [MY-012654] [InnoDB] Linux Native AIO disabled.
2024-04-01T09:43:13.267985Z 1 [System] [MY-013577] [InnoDB] InnoDB initialization has ended.
2024-04-01T09:43:15.740494Z 0 [System] [MY-010229] [Server] Starting XA crash recovery...
2024-04-01T09:43:15.789315Z 0 [System] [MY-010232] [Server] XA crash recovery finished.
2024-04-01T09:43:15.961280Z 0 [Warning] [MY-010068] [Server] CA certificate ca.pem is self signed.
2024-04-01T09:43:15.962767Z 0 [System] [MY-013602] [Server] Channel mysql_main configured to support TLS. Encrypted connections are now supported for this channel.
2024-04-01T09:43:15.977003Z 0 [Warning] [MY-011810] [Server] Insecure configuration for --pid-file: Location '/var/run/mysqld' in the path is accessible to all OS users. Consider choosing a different directory.
2024-04-01T09:43:16.213921Z 0 [System] [MY-011323] [Server] X Plugin ready for connections. Bind-address: '::' port: 33060, socket: /var/run/mysqld/mysqlx.sock
2024-04-01T09:43:16.214898Z 0 [System] [MY-010931] [Server] /usr/sbin/mysqld: ready for connections. Version: '8.0.28'  socket: '/var/run/mysqld/mysqld.sock'  port: 3306  MySQL Community Server - GPL.
2024-04-01T09:50:35.867473Z 0 [System] [MY-013172] [Server] Received SHUTDOWN from user <via user signal>. Shutting down mysqld (Version: 8.0.28).
2024-04-01T09:50:37.462533Z 0 [System] [MY-010910] [Server] /usr/sbin/mysqld: Shutdown complete (mysqld 8.0.28)  MySQL Community Server - GPL.
2024-04-01T09:50:49.469192Z 0 [System] [MY-010116] [Server] /usr/sbin/mysqld (mysqld 8.0.28) starting as process 1
2024-04-01T09:50:49.511283Z 0 [Warning] [MY-010159] [Server] Setting lower_case_table_names=2 because file system for /var/lib/mysql/ is case insensitive
2024-04-01T09:50:49.648447Z 1 [System] [MY-013576] [InnoDB] InnoDB initialization has started.
2024-04-01T09:50:49.879934Z 1 [ERROR] [MY-012585] [InnoDB] Linux Native AIO interface is not supported on this platform. Please check your OS documentation and install appropriate binary of InnoDB.
2024-04-01T09:50:49.895687Z 1 [Warning] [MY-012654] [InnoDB] Linux Native AIO disabled.
2024-04-01T09:50:51.935079Z 1 [System] [MY-013577] [InnoDB] InnoDB initialization has ended.
2024-04-01T09:50:53.407403Z 0 [Warning] [MY-010068] [Server] CA certificate ca.pem is self signed.
2024-04-01T09:50:53.409040Z 0 [System] [MY-013602] [Server] Channel mysql_main configured to support TLS. Encrypted connections are now supported for this channel.
2024-04-01T09:50:53.424010Z 0 [Warning] [MY-011810] [Server] Insecure configuration for --pid-file: Location '/var/run/mysqld' in the path is accessible to all OS users. Consider choosing a different directory.
2024-04-01T09:50:53.703148Z 0 [System] [MY-011323] [Server] X Plugin ready for connections. Bind-address: '::' port: 33060, socket: /var/run/mysqld/mysqlx.sock
2024-04-01T09:50:53.706713Z 0 [System] [MY-010931] [Server] /usr/sbin/mysqld: ready for connections. Version: '8.0.28'  socket: '/var/run/mysqld/mysqld.sock'  port: 3306  MySQL Community Server - GPL.
2024-04-01T10:58:51.302744Z 0 [System] [MY-013172] [Server] Received SHUTDOWN from user <via user signal>. Shutting down mysqld (Version: 8.0.28).
2024-04-01T10:58:53.724731Z 0 [System] [MY-010910] [Server] /usr/sbin/mysqld: Shutdown complete (mysqld 8.0.28)  MySQL Community Server - GPL.
2024-04-01T10:59:04.970139Z 0 [System] [MY-010116] [Server] /usr/sbin/mysqld (mysqld 8.0.28) starting as process 1
2024-04-01T10:59:05.065059Z 0 [Warning] [MY-010159] [Server] Setting lower_case_table_names=2 because file system for /var/lib/mysql/ is case insensitive
2024-04-01T10:59:05.323092Z 1 [System] [MY-013576] [InnoDB] InnoDB initialization has started.
2024-04-01T10:59:05.666517Z 1 [ERROR] [MY-012585] [InnoDB] Linux Native AIO interface is not supported on this platform. Please check your OS documentation and install appropriate binary of InnoDB.
2024-04-01T10:59:05.667660Z 1 [Warning] [MY-012654] [InnoDB] Linux Native AIO disabled.
2024-04-01T10:59:08.103224Z 1 [System] [MY-013577] [InnoDB] InnoDB initialization has ended.
2024-04-01T10:59:09.889870Z 0 [Warning] [MY-010068] [Server] CA certificate ca.pem is self signed.
2024-04-01T10:59:09.892744Z 0 [System] [MY-013602] [Server] Channel mysql_main configured to support TLS. Encrypted connections are now supported for this channel.
2024-04-01T10:59:09.937368Z 0 [Warning] [MY-011810] [Server] Insecure configuration for --pid-file: Location '/var/run/mysqld' in the path is accessible to all OS users. Consider choosing a different directory.
2024-04-01T10:59:10.254911Z 0 [System] [MY-011323] [Server] X Plugin ready for connections. Bind-address: '::' port: 33060, socket: /var/run/mysqld/mysqlx.sock
2024-04-01T10:59:10.257886Z 0 [System] [MY-010931] [Server] /usr/sbin/mysqld: ready for connections. Version: '8.0.28'  socket: '/var/run/mysqld/mysqld.sock'  port: 3306  MySQL Community Server - GPL.
2024-04-02T00:44:28.186621Z 0 [System] [MY-010116] [Server] /usr/sbin/mysqld (mysqld 8.0.28) starting as process 1
2024-04-02T00:44:28.215525Z 0 [Warning] [MY-010159] [Server] Setting lower_case_table_names=2 because file system for /var/lib/mysql/ is case insensitive
2024-04-02T00:44:28.322418Z 1 [System] [MY-013576] [InnoDB] InnoDB initialization has started.
2024-04-02T00:44:28.487112Z 1 [ERROR] [MY-012585] [InnoDB] Linux Native AIO interface is not supported on this platform. Please check your OS documentation and install appropriate binary of InnoDB.
2024-04-02T00:44:28.488222Z 1 [Warning] [MY-012654] [InnoDB] Linux Native AIO disabled.
2024-04-02T00:44:30.169919Z 1 [System] [MY-013577] [InnoDB] InnoDB initialization has ended.
2024-04-02T00:44:31.381936Z 0 [System] [MY-010229] [Server] Starting XA crash recovery...
2024-04-02T00:44:31.401195Z 0 [System] [MY-010232] [Server] XA crash recovery finished.
2024-04-02T00:44:31.576821Z 0 [Warning] [MY-010068] [Server] CA certificate ca.pem is self signed.
2024-04-02T00:44:31.578926Z 0 [System] [MY-013602] [Server] Channel mysql_main configured to support TLS. Encrypted connections are now supported for this channel.
2024-04-02T00:44:31.598093Z 0 [Warning] [MY-011810] [Server] Insecure configuration for --pid-file: Location '/var/run/mysqld' in the path is accessible to all OS users. Consider choosing a different directory.
2024-04-02T00:44:31.902833Z 0 [System] [MY-011323] [Server] X Plugin ready for connections. Bind-address: '::' port: 33060, socket: /var/run/mysqld/mysqlx.sock
2024-04-02T00:44:31.904583Z 0 [System] [MY-010931] [Server] /usr/sbin/mysqld: ready for connections. Version: '8.0.28'  socket: '/var/run/mysqld/mysqld.sock'  port: 3306  MySQL Community Server - GPL.
